<?xml version="1.0" encoding="utf-8"?><testsuites name="pytest tests"><testsuite name="pytest" errors="0" failures="0" skipped="1" tests="65" time="45.304" timestamp="2026-09-02T19:30:38.901788+00:00" hostname="agent-env-2ee49347-35d2-4d20-9051-e92db0efd7d4"><testcase classname="tests.backend_test.TestHealthAndAuth" name="test_health" time="0.451" /><testcase classname="tests.backend_test.TestHealthAndAuth" name="test_credentials_file_present" time="0.000" /><testcase classname="tests.backend_test.TestHealthAndAuth" name="test_login_all_accounts_and_httponly_cookies" time="3.543" /><testcase classname="tests.backend_test.TestRegressionValidations" name="test_more_than_2_hours_rejected" time="0.534" /><testcase classname="tests.backend_test.TestRegressionValidations" name="test_overlap_same_date_rejected" time="4.822" /><testcase classname="tests.backend_test.TestHealthAndAuth" name="test_login_wrong_password" time="0.291" /><testcase classname="tests.backend_test.TestHealthAndAuth" name="test_fixed_area_user_cannot_login_in_other_area" time="0.283" /><testcase classname="tests.backend_test.TestHealthAndAuth" name="test_area_all_user_can_login_any_area" time="0.720" /><testcase classname="tests.backend_test.TestHealthAndAuth" name="test_login_without_area_is_accepted_by_api" time="0.287" /><testcase classname="tests.backend_test.TestRegressionValidations" name="test_non_overlap_same_date_allowed" time="7.134" /><testcase classname="tests.backend_test.TestHealthAndAuth" name="test_me_requires_auth" time="0.197" /><testcase classname="tests.backend_test.TestHealthAndAuth" name="test_me_and_logout" time="0.624" /><testcase classname="tests.backend_test.TestHealthAndAuth" name="test_bcrypt_hash_format" time="0.073" /><testcase classname="tests.backend_test.TestHealthAndAuth" name="test_brute_force_lockout" time="2.629"><skipped type="pytest.xfail" message="No brute-force lockout implemented in custom JWT auth (documented gap)" /></testcase><testcase classname="tests.backend_test.TestRegressionValidations" name="test_invalid_payload_422" time="0.086" /><testcase classname="tests.backend_test.TestRegressionValidations" name="test_stats_endpoints" time="0.912" /><testcase classname="tests.backend_test.TestRegressionValidations" name="test_monthly_pdf_report" time="0.269" /><testcase classname="tests.backend_test.TestRegressionValidations" name="test_monthly_pdf_malformed_month_should_not_500" time="0.074" /><testcase classname="tests.backend_test.TestRegressionValidations" name="test_excel_report" time="0.112" /><testcase classname="tests.backend_test.TestRegressionValidations" name="test_reports_forbidden_for_coordenador" time="0.063" /><testcase classname="tests.backend_test.TestRegressionValidations" name="test_notifications_and_audit" time="0.156" /><testcase classname="tests.backend_test.TestRegressionValidations" name="test_cancel_own_pending_request" time="4.441" /><testcase classname="tests.backend_test.TestIndividualPDF" name="test_gerencia_downloads_pdf" time="6.022" /><testcase classname="tests.backend_test.TestIndividualPDF" name="test_creator_coordenador_downloads_own_pdf" time="0.090" /><testcase classname="tests.backend_test.TestMonthParamValidation" name="test_malformed_month_returns_400_ptbr[2026-13]" time="0.066" /><testcase classname="tests.backend_test.TestMonthParamValidation" name="test_malformed_month_returns_400_ptbr[2026-00]" time="0.063" /><testcase classname="tests.backend_test.TestMonthParamValidation" name="test_malformed_month_returns_400_ptbr[2026]" time="0.066" /><testcase classname="tests.backend_test.TestMonthParamValidation" name="test_malformed_month_returns_400_ptbr[abc]" time="0.070" /><testcase classname="tests.backend_test.TestIndividualPDF" name="test_pending_request_pdf_is_400" time="3.688" /><testcase classname="tests.backend_test.TestMonthParamValidation" name="test_malformed_month_returns_400_ptbr[2026-1]" time="0.101" /><testcase classname="tests.backend_test.TestIndividualPDF" name="test_rejected_request_pdf_ok" time="8.057" /><testcase classname="tests.backend_test.TestMonthParamValidation" name="test_malformed_month_returns_400_ptbr[20261-01]" time="0.080" /><testcase classname="tests.backend_test.TestMonthParamValidation" name="test_malformed_month_returns_400_ptbr[2026-12-01]" time="0.070" /><testcase classname="tests.backend_test.TestMonthParamValidation" name="test_valid_month_and_omitted_still_return_pdf" time="0.221" /><testcase classname="tests.backend_test.TestAreaSegregation" name="test_pkcg_request_gets_pkcg_area" time="5.033" /><testcase classname="tests.backend_test.TestAreaSegregation" name="test_supervisor_i2m_only_sees_i2m" time="0.091" /><testcase classname="tests.backend_test.TestAreaSegregation" name="test_supervisor_pkcg_only_sees_pkcg" time="0.515" /><testcase classname="tests.backend_test.TestAreaSegregation" name="test_gerencia_sees_both_and_can_filter" time="0.245" /><testcase classname="tests.backend_test.TestAreaSegregation" name="test_supervisor_cannot_decide_other_area" time="4.531" /><testcase classname="tests.backend_test.TestIndividualPDF" name="test_other_coordenador_gets_403" time="0.459" /><testcase classname="tests.backend_test.TestIndividualPDF" name="test_supervisor_other_area_gets_403" time="0.433" /><testcase classname="tests.backend_test.TestIndividualPDF" name="test_pdf_unknown_id_404" time="0.078" /><testcase classname="tests.backend_test.TestIndividualPDF" name="test_pdf_requires_auth" time="0.137" /><testcase classname="tests.backend_test.TestApprovalFlow" name="test_full_flow_and_audit_trail" time="5.580" /><testcase classname="tests.backend_test.TestAreaSegregation" name="test_colaboradores_list_scoped_by_area" time="0.302" /><testcase classname="tests.backend_test.TestCORS" name="test_preview_origin_allowed_with_credentials" time="0.002" /><testcase classname="tests.backend_test.TestCORS" name="test_localhost_3000_allowed" time="0.042" /><testcase classname="tests.backend_test.TestCORS" name="test_emergent_host_origin_allowed" time="0.042" /><testcase classname="tests.backend_test.TestCORS" name="test_random_origin_not_allowed" time="0.042" /><testcase classname="tests.backend_test.TestCORS" name="test_public_login_still_works_with_cookies" time="0.521" /><testcase classname="tests.backend_test.TestADPMock" name="test_adp_status_endpoint" time="0.089" /><testcase classname="tests.backend_test.TestADPMock" name="test_adp_detects_em_hora_extra" time="0.576" /><testcase classname="tests.backend_test.TestADPMock" name="test_adp_requires_auth" time="0.138" /><testcase classname="tests.backend_test.TestADPMock" name="test_ponto_dhl_colaborador" time="0.163" /><testcase classname="tests.backend_test.TestBulkCreate" name="test_bulk_create_by_coordenador" time="1.318" /><testcase classname="tests.backend_test.TestBulkCreate" name="test_bulk_create_reports_failures" time="1.503" /><testcase classname="tests.backend_test.TestApprovalFlow" name="test_supervisor_created_request_skips_to_gerencia" time="7.482" /><testcase classname="tests.backend_test.TestBulkCreate" name="test_bulk_create_empty_list_422" time="0.063" /><testcase classname="tests.backend_test.TestBlock24h" name="test_block_after_rejection" time="4.954" /><testcase classname="tests.backend_test.TestBlock24h" name="test_block_status_unblocked_matricula" time="0.062" /><testcase classname="tests.backend_test.TestBranding" name="test_no_sonic_in_api_payloads" time="0.073" /><testcase classname="tests.backend_test.TestBranding" name="test_service_name" time="0.156" /><testcase classname="tests.backend_test.TestPDFSectorLabel" name="test_individual_pdf_has_no_sonic" time="5.126" /><testcase classname="tests.backend_test.TestApprovalFlow" name="test_mine_returns_only_own" time="0.083" /><testcase classname="tests.backend_test.TestApprovalFlow" name="test_coordenador_cannot_list_all" time="0.078" /></testsuite></testsuites>